0 info it worked if it ends with ok
1 verbose cli [ '/usr/local/bin/node',
1 verbose cli   '/usr/local/bin/npm',
1 verbose cli   'install',
1 verbose cli   'forever',
1 verbose cli   '-g' ]
2 info using npm@2.15.5
3 info using node@v4.4.5
4 verbose install initial load of /usr/local/lib/package.json
5 verbose readDependencies loading dependencies from /usr/local/lib/package.json
6 silly cache add args [ 'forever', null ]
7 verbose cache add spec forever
8 silly cache add parsed spec Result {
8 silly cache add   raw: 'forever',
8 silly cache add   scope: null,
8 silly cache add   name: 'forever',
8 silly cache add   rawSpec: '',
8 silly cache add   spec: 'latest',
8 silly cache add   type: 'tag' }
9 silly addNamed forever@latest
10 verbose addNamed "latest" is being treated as a dist-tag for forever
11 info addNameTag [ 'forever', 'latest' ]
12 silly mapToRegistry name forever
13 silly mapToRegistry using default registry
14 silly mapToRegistry registry https://registry.npmjs.org/
15 silly mapToRegistry data Result {
15 silly mapToRegistry   raw: 'forever',
15 silly mapToRegistry   scope: null,
15 silly mapToRegistry   name: 'forever',
15 silly mapToRegistry   rawSpec: '',
15 silly mapToRegistry   spec: 'latest',
15 silly mapToRegistry   type: 'tag' }
16 silly mapToRegistry uri https://registry.npmjs.org/forever
17 verbose addNameTag registry:https://registry.npmjs.org/forever not in flight; fetching
18 verbose request uri https://registry.npmjs.org/forever
19 verbose request no auth needed
20 info attempt registry request try #1 at 8:36:31 AM
21 verbose request id 5e92a4595e6a9f45
22 verbose etag W/"5982beca-16e65"
23 verbose lastModified Thu, 03 Aug 2017 06:12:26 GMT
24 http request GET https://registry.npmjs.org/forever
25 http 304 https://registry.npmjs.org/forever
26 verbose headers { date: 'Fri, 04 Aug 2017 08:36:31 GMT',
26 verbose headers   via: '1.1 varnish',
26 verbose headers   'cache-control': 'max-age=300',
26 verbose headers   etag: 'W/"5982beca-16e65"',
26 verbose headers   age: '53',
26 verbose headers   connection: 'keep-alive',
26 verbose headers   'x-served-by': 'cache-iad2639-IAD',
26 verbose headers   'x-cache': 'HIT',
26 verbose headers   'x-cache-hits': '1',
26 verbose headers   'x-timer': 'S1501835792.691882,VS0,VE1',
26 verbose headers   vary: 'Accept-Encoding, Accept' }
27 silly get cb [ 304,
27 silly get   { date: 'Fri, 04 Aug 2017 08:36:31 GMT',
27 silly get     via: '1.1 varnish',
27 silly get     'cache-control': 'max-age=300',
27 silly get     etag: 'W/"5982beca-16e65"',
27 silly get     age: '53',
27 silly get     connection: 'keep-alive',
27 silly get     'x-served-by': 'cache-iad2639-IAD',
27 silly get     'x-cache': 'HIT',
27 silly get     'x-cache-hits': '1',
27 silly get     'x-timer': 'S1501835792.691882,VS0,VE1',
27 silly get     vary: 'Accept-Encoding, Accept' } ]
28 verbose etag https://registry.npmjs.org/forever from cache
29 verbose get saving forever to /home/ec2-user/.npm/registry.npmjs.org/forever/.cache.json
30 verbose correctMkdir /home/ec2-user/.npm correctMkdir not in flight; initializing
31 silly addNameTag next cb for forever with tag latest
32 silly addNamed forever@0.15.3
33 verbose addNamed "0.15.3" is a plain semver version for forever
34 silly cache afterAdd forever@0.15.3
35 verbose afterAdd /home/ec2-user/.npm/forever/0.15.3/package/package.json not in flight; writing
36 verbose correctMkdir /home/ec2-user/.npm correctMkdir not in flight; initializing
37 verbose afterAdd /home/ec2-user/.npm/forever/0.15.3/package/package.json written
38 silly install resolved [ { name: 'forever',
38 silly install resolved     preferGlobal: 'true',
38 silly install resolved     description: 'A simple CLI tool for ensuring that a given node script runs continuously (i.e. forever)',
38 silly install resolved     version: '0.15.3',
38 silly install resolved     author: { name: 'Charlie Robbins', email: 'charlie.robbins@gmail.com' },
38 silly install resolved     maintainers: [ [Object], [Object], [Object], [Object], [Object] ],
38 silly install resolved     repository:
38 silly install resolved      { type: 'git',
38 silly install resolved        url: 'git+https://github.com/foreverjs/forever.git' },
38 silly install resolved     keywords: [ 'cli', 'fault tolerant', 'sysadmin', 'tools' ],
38 silly install resolved     dependencies:
38 silly install resolved      { cliff: '~0.1.9',
38 silly install resolved        clone: '^1.0.2',
38 silly install resolved        colors: '~0.6.2',
38 silly install resolved        flatiron: '~0.4.2',
38 silly install resolved        'forever-monitor': '~1.7.0',
38 silly install resolved        nconf: '~0.6.9',
38 silly install resolved        nssocket: '~0.5.1',
38 silly install resolved        'object-assign': '^3.0.0',
38 silly install resolved        optimist: '~0.6.0',
38 silly install resolved        'path-is-absolute': '~1.0.0',
38 silly install resolved        prettyjson: '^1.1.2',
38 silly install resolved        shush: '^1.0.0',
38 silly install resolved        timespan: '~2.3.0',
38 silly install resolved        utile: '~0.2.1',
38 silly install resolved        winston: '~0.8.1' },
38 silly install resolved     devDependencies:
38 silly install resolved      { broadway: '~0.3.6',
38 silly install resolved        eventemitter2: '0.4.x',
38 silly install resolved        request: '2.x.x',
38 silly install resolved        vows: '0.7.x' },
38 silly install resolved     bin: { forever: './bin/forever' },
38 silly install resolved     main: './lib/forever',
38 silly install resolved     scripts: { test: 'vows test/**/*-test.js --spec -i' },
38 silly install resolved     engines: { node: '>= 0.8.x' },
38 silly install resolved     license: 'MIT',
38 silly install resolved     gitHead: '3aa17a1088eb812eb03b49219e329fb4a48b4dfc',
38 silly install resolved     bugs: { url: 'https://github.com/foreverjs/forever/issues' },
38 silly install resolved     homepage: 'https://github.com/foreverjs/forever#readme',
38 silly install resolved     _id: 'forever@0.15.3',
38 silly install resolved     _shasum: '77d9d7e15fd2f511ad9d84a110c7dd8fc8ecebc2',
38 silly install resolved     _from: 'forever@latest',
38 silly install resolved     _npmVersion: '3.9.0',
38 silly install resolved     _nodeVersion: '4.4.4',
38 silly install resolved     _npmUser: { name: 'indexzero', email: 'charlie.robbins@gmail.com' },
38 silly install resolved     dist:
38 silly install resolved      { shasum: '77d9d7e15fd2f511ad9d84a110c7dd8fc8ecebc2',
38 silly install resolved        tarball: 'https://registry.npmjs.org/forever/-/forever-0.15.3.tgz' },
38 silly install resolved     _npmOperationalInternal:
38 silly install resolved      { host: 'packages-12-west.internal.npmjs.com',
38 silly install resolved        tmp: 'tmp/forever-0.15.3.tgz_1478059216830_0.24848884833045304' },
38 silly install resolved     directories: {},
38 silly install resolved     _resolved: 'https://registry.npmjs.org/forever/-/forever-0.15.3.tgz',
38 silly install resolved     readme: 'ERROR: No README data found!' } ]
39 info install forever@0.15.3 into /usr/local/lib
40 info installOne forever@0.15.3
41 verbose installOne of forever to /usr/local/lib not in flight; installing
42 verbose correctMkdir /home/ec2-user/.npm/_locks correctMkdir not in flight; initializing
43 verbose lock using /home/ec2-user/.npm/_locks/forever-ae9c3f2b6cc23ec5.lock for /usr/local/lib/node_modules/forever
44 silly install write writing forever 0.15.3 to /usr/local/lib/node_modules/forever
45 verbose unbuild lib/node_modules/forever
46 silly gentlyRm /usr/local/lib/node_modules/forever is being purged from base /usr/local
47 verbose gentlyRm don't care about contents; nuking /usr/local/lib/node_modules/forever
48 verbose tar unpack /home/ec2-user/.npm/forever/0.15.3/package.tgz
49 verbose tar unpacking to /usr/local/lib/node_modules/forever
50 silly gentlyRm /usr/local/lib/node_modules/forever is being purged
51 verbose gentlyRm don't care about contents; nuking /usr/local/lib/node_modules/forever
52 silly gunzTarPerm modes [ '775', '664' ]
53 error tar.unpack untar error /home/ec2-user/.npm/forever/0.15.3/package.tgz
54 verbose unlock done using /home/ec2-user/.npm/_locks/forever-ae9c3f2b6cc23ec5.lock for /usr/local/lib/node_modules/forever
55 verbose fstream_path /usr/local/lib/node_modules/forever
56 verbose fstream_type Directory
57 verbose fstream_class DirWriter
58 verbose stack Error: EACCES: permission denied, mkdir '/usr/local/lib/node_modules/forever'
58 verbose stack     at Error (native)
59 verbose fstream_stack /usr/local/lib/node_modules/npm/node_modules/fstream/lib/dir-writer.js:35:25
59 verbose fstream_stack /usr/local/lib/node_modules/npm/node_modules/mkdirp/index.js:47:53
59 verbose fstream_stack FSReqWrap.oncomplete (fs.js:82:15)
60 verbose cwd /home/ec2-user/dps-web/server
61 error Linux 4.9.38-16.33.amzn1.x86_64
62 error argv "/usr/local/bin/node" "/usr/local/bin/npm" "install" "forever" "-g"
63 error node v4.4.5
64 error npm  v2.15.5
65 error path /usr/local/lib/node_modules/forever
66 error code EACCES
67 error errno -13
68 error syscall mkdir
69 error Error: EACCES: permission denied, mkdir '/usr/local/lib/node_modules/forever'
69 error     at Error (native)
69 error  { [Error: EACCES: permission denied, mkdir '/usr/local/lib/node_modules/forever']
69 error   errno: -13,
69 error   code: 'EACCES',
69 error   syscall: 'mkdir',
69 error   path: '/usr/local/lib/node_modules/forever',
69 error   fstream_type: 'Directory',
69 error   fstream_path: '/usr/local/lib/node_modules/forever',
69 error   fstream_class: 'DirWriter',
69 error   fstream_stack:
69 error    [ '/usr/local/lib/node_modules/npm/node_modules/fstream/lib/dir-writer.js:35:25',
69 error      '/usr/local/lib/node_modules/npm/node_modules/mkdirp/index.js:47:53',
69 error      'FSReqWrap.oncomplete (fs.js:82:15)' ] }
70 error Please try running this command again as root/Administrator.
71 verbose exit [ -13, true ]
72 verbose unbuild lib/node_modules/forever
73 silly gentlyRm /usr/local/lib/node_modules/forever is being purged from base /usr/local
74 verbose gentlyRm don't care about contents; nuking /usr/local/lib/node_modules/forever
